#
# A fatal error has been detected by the Java Runtime Environment:
#
#  SIGSEGV (0xb) at pc=0x000000017de985e4, pid=73414, tid=4355
#
# JRE version: OpenJDK Runtime Environment Corretto-21.0.4.7.1 (21.0.4+7) (build 21.0.4+7-LTS)
# Java VM: OpenJDK 64-Bit Server VM Corretto-21.0.4.7.1 (21.0.4+7-LTS, mixed mode, sharing, tiered, compressed oops, compressed class ptrs, g1 gc, bsd-aarch64)
# Problematic frame:
# C  [libonnxruntime.dylib+0x7c85e4]  std::__1::__hash_const_iterator<std::__1::__hash_node<std::__1::__hash_value_type<std::__1::basic_string<char, std::__1::char_traits<char>, std::__1::allocator<char>> const*, onnxruntime::DataTypeImpl const*>, void*>*> std::__1::__hash_table<std::__1::__hash_value_type<std::__1::basic_string<char, std::__1::char_traits<char>, std::__1::allocator<char>> const*, onnxruntime::DataTypeImpl const*>, std::__1::__unordered_map_hasher<std::__1::basic_string<char, std::__1::char_traits<char>, std::__1::allocator<char>> const*, std::__1::__hash_value_type<std::__1::basic_string<char, std::__1::char_traits<char>, std::__1::allocator<char>> const*, onnxruntime::DataTypeImpl const*>, std::__1::hash<std::__1::basic_string<char, std::__1::char_traits<char>, std::__1::allocator<char>> const*>, std::__1::equal_to<std::__1::basic_string<char, std::__1::char_traits<char>, std::__1::allocator<char>> const*>, true>, std::__1::__unordered_map_equal<std::__1::basic_string<char, std::__1::char_traits<char>, std::__1::allocator<char>> const*, std::__1::__hash_value_type<std::__1::basic_string<char, std::__1::char_traits<char>, std::__1::allocator<char>> const*, onnxruntime::DataTypeImpl const*>, std::__1::equal_to<std::__1::basic_string<char, std::__1::char_traits<char>, std::__1::allocator<char>> const*>, std::__1::hash<std::__1::basic_string<char, std::__1::char_traits<char>, std::__1::allocator<char>> const*>, true>, std::__1::allocator<std::__1::__hash_value_type<std::__1::basic_string<char, std::__1::char_traits<char>, std::__1::allocator<char>> const*, onnxruntime::DataTypeImpl const*>>>::find<std::__1::basic_string<char, std::__1::char_traits<char>, std::__1::allocator<char>> const*>(std::__1::basic_string<char, std::__1::char_traits<char>, std::__1::allocator<char>> const* const&) const+0xb4
#
# No core dump will be written. Core dumps have been disabled. To enable core dumping, try "ulimit -c unlimited" before starting Java again
#
# If you would like to submit a bug report, please visit:
#   https://github.com/corretto/corretto-21/issues/
# The crash happened outside the Java Virtual Machine in native code.
# See problematic frame for where to report the bug.
#

---------------  S U M M A R Y ------------

Command Line: -javaagent:/Applications/IntelliJ IDEA.app/Contents/lib/idea_rt.jar=62026 -Dfile.encoding=UTF-8 -Dsun.stdout.encoding=UTF-8 -Dsun.stderr.encoding=UTF-8 eu.virtualparadox.comictoolset.Main translate --url http://localhost:11434/api/generate --input /Users/tothp/Documents/Comics/dylan-dog/issue-000 --output /Users/tothp/Documents/Comics/dylan-dog/issue-000-translated

Host: "Mac15,8" arm64, 16 cores, 128G, 